[0m[[0m[0mdebug[0m] [0m[0mRunning TaskDef(graphs.RubinSpec, org.scalatest.tools.Framework$$anon$1@3b2b598f, false, [SuiteSelector])[0m
[0m[[0m[0mdebug[0m] [0m[0mRunning TaskDef(graphs.DepthFirstSpec, org.scalatest.tools.Framework$$anon$1@3b2b598f, false, [SuiteSelector])[0m
[0m[[0m[0mdebug[0m] [0m[0mRunning TaskDef(graphs.VandegriendSpec, org.scalatest.tools.Framework$$anon$1@3b2b598f, false, [SuiteSelector])[0m
[0m[[0m[0mdebug[0m] [0m[0mRunning TaskDef(graphs.MartelloSpec, org.scalatest.tools.Framework$$anon$1@3b2b598f, false, [SuiteSelector])[0m
[0m[[0m[0minfo[0m] [0m[0m[36mRun completed in 144 milliseconds.[0m[0m
[0m[[0m[0minfo[0m] [0m[0m[36mTotal number of tests run: 9[0m[0m
[0m[[0m[0minfo[0m] [0m[0m[36mSuites: completed 4, aborted 0[0m[0m
[0m[[0m[0minfo[0m] [0m[0m[36mTests: succeeded 7, failed 2, canceled 0, ignored 0, pending 0[0m[0m
[0m[[0m[0minfo[0m] [0m[0m[31m*** 2 TESTS FAILED ***[0m[0m
[0m[[0m[0mdebug[0m] [0m[0mPassed tests:[0m
[0m[[0m[0mdebug[0m] [0m[0m	graphs.VandegriendSpec[0m
[0m[[0m[0mdebug[0m] [0m[0m	graphs.RubinSpec[0m
[0m[[0m[0mdebug[0m] [0m[0m	graphs.MartelloSpec[0m
[0m[[0m[31merror[0m] [0m[0mFailed tests:[0m
[0m[[0m[31merror[0m] [0m[0m	graphs.DepthFirstSpec[0m
[0m[[0m[31merror[0m] [0m[0m(Test / [31mtest[0m) sbt.TestsFailedException: Tests unsuccessful[0m
